<?xml version="1.0" encoding="UTF-8"?>
<!-- Generated by org.testng.reporters.JUnitXMLReporter -->
<testsuite hostname="ksydeMacBook-Pro.local" ignored="0" name="Surefire test" tests="3" failures="0" timestamp="07 二月 2023 09:59:34 GMT" time="5.055" errors="0">
  <testcase name="@BeforeClass setUp" time="4.048" classname="exam.cases.TestNewExamPaper">
    <failure type="java.lang.NullPointerException">
      <![CDATA[java.lang.NullPointerException
at cn.kxy.setting.business.ClassificationBusiness.getPrimaryId(ClassificationBusiness.java:32)
at management.NewExamPaper.<init>(NewExamPaper.java:13)
at exam.cases.TestNewExamPaper.setUp(TestNewExamPaper.java:20)
... Removed 30 stack frames]]>
    </failure>
  </testcase> <!-- @BeforeClass setUp -->
  <testcase name="testAddNewExamPaper" time="0.0" classname="exam.cases.TestNewExamPaper">
    <skipped/>
  </testcase> <!-- testAddNewExamPaper -->
  <testcase name="testAddNewExamPaper" time="0.0" classname="exam.cases.TestNewExamPaper">
    <skipped/>
  </testcase> <!-- testAddNewExamPaper -->
  <testcase name="testGetNewExamPaper" time="0.0" classname="exam.cases.TestNewExamPaper">
    <skipped/>
  </testcase> <!-- testGetNewExamPaper -->
</testsuite> <!-- Surefire test -->
